2017/02/11 16:58:25 [error] [exception.CException] exception 'CException' with message 'CAssetManager.basePath "/var/www/cursos/cursos_de_yii/cursoyii/web/assets" is invalid. Please make sure the directory exists and is writable by the Web server process.' in /var/www/cursos/cursos_de_yii/cursoyii/yii/framework/web/CAssetManager.php:138
Stack trace:
#0 /var/www/cursos/cursos_de_yii/cursoyii/yii/framework/web/CAssetManager.php(123): CAssetManager->setBasePath('/var/www/cursos...')
#1 /var/www/cursos/cursos_de_yii/cursoyii/yii/framework/web/CAssetManager.php(217): CAssetManager->getBasePath()
#2 /var/www/cursos/cursos_de_yii/cursoyii/yii/framework/web/CClientScript.php(511): CAssetManager->publish('/var/www/cursos...')
#3 /var/www/cursos/cursos_de_yii/cursoyii/yii/framework/web/CClientScript.php(548): CClientScript->getCoreScriptUrl()
#4 /var/www/cursos/cursos_de_yii/cursoyii/yii/framework/web/CClientScript.php(349): CClientScript->getPackageBaseUrl('jquery')
#5 /var/www/cursos/cursos_de_yii/cursoyii/yii/framework/web/CClientScript.php(208): CClientScript->renderCoreScripts()
#6 /var/www/cursos/cursos_de_yii/cursoyii/yii/framework/web/CController.php(351): CClientScript->render('<!DOCTYPE html>...')
#7 /var/www/cursos/cursos_de_yii/cursoyii/yii/framework/web/CController.php(788): CController->processOutput('<!DOCTYPE html>...')
#8 /var/www/cursos/cursos_de_yii/cursoyii/web/protected/controllers/SiteController.php(72): CController->render('contact', Array)
#9 /var/www/cursos/cursos_de_yii/cursoyii/yii/framework/web/actions/CInlineAction.php(49): SiteController->actionContact()
#10 /var/www/cursos/cursos_de_yii/cursoyii/yii/framework/web/CController.php(308): CInlineAction->runWithParams(Array)
#11 /var/www/cursos/cursos_de_yii/cursoyii/yii/framework/web/CController.php(286): CController->runAction(Object(CInlineAction))
#12 /var/www/cursos/cursos_de_yii/cursoyii/yii/framework/web/CController.php(265): CController->runActionWithFilters(Object(CInlineAction), Array)
#13 /var/www/cursos/cursos_de_yii/cursoyii/yii/framework/web/CWebApplication.php(282): CController->run('contact')
#14 /var/www/cursos/cursos_de_yii/cursoyii/yii/framework/web/CWebApplication.php(141): CWebApplication->runController('site/contact')
#15 /var/www/cursos/cursos_de_yii/cursoyii/yii/framework/base/CApplication.php(185): CWebApplication->processRequest()
#16 /var/www/cursos/cursos_de_yii/cursoyii/web/index.php(13): CApplication->run()
#17 {main}
REQUEST_URI=/cursos/cursos_de_yii/cursoyii/web/index.php?r=site/contact
HTTP_REFERER=http://local.dev/cursos/cursos_de_yii/cursoyii/web/index.php?r=site/page&view=about
---
2017/02/11 17:05:48 [error] [exception.CException] exception 'CException' with message 'CAssetManager.basePath "/var/www/cursos/cursos_de_yii/cursoyii/web/assets" is invalid. Please make sure the directory exists and is writable by the Web server process.' in /var/www/cursos/cursos_de_yii/cursoyii/yii/framework/web/CAssetManager.php:138
Stack trace:
#0 /var/www/cursos/cursos_de_yii/cursoyii/yii/framework/web/CAssetManager.php(123): CAssetManager->setBasePath('/var/www/cursos...')
#1 /var/www/cursos/cursos_de_yii/cursoyii/yii/framework/web/CAssetManager.php(217): CAssetManager->getBasePath()
#2 /var/www/cursos/cursos_de_yii/cursoyii/yii/framework/web/CClientScript.php(511): CAssetManager->publish('/var/www/cursos...')
#3 /var/www/cursos/cursos_de_yii/cursoyii/yii/framework/web/CClientScript.php(548): CClientScript->getCoreScriptUrl()
#4 /var/www/cursos/cursos_de_yii/cursoyii/yii/framework/web/CClientScript.php(349): CClientScript->getPackageBaseUrl('jquery')
#5 /var/www/cursos/cursos_de_yii/cursoyii/yii/framework/web/CClientScript.php(208): CClientScript->renderCoreScripts()
#6 /var/www/cursos/cursos_de_yii/cursoyii/yii/framework/web/CController.php(351): CClientScript->render('<!DOCTYPE html>...')
#7 /var/www/cursos/cursos_de_yii/cursoyii/yii/framework/web/CController.php(788): CController->processOutput('<!DOCTYPE html>...')
#8 /var/www/cursos/cursos_de_yii/cursoyii/web/protected/controllers/SiteController.php(72): CController->render('contact', Array)
#9 /var/www/cursos/cursos_de_yii/cursoyii/yii/framework/web/actions/CInlineAction.php(49): SiteController->actionContact()
#10 /var/www/cursos/cursos_de_yii/cursoyii/yii/framework/web/CController.php(308): CInlineAction->runWithParams(Array)
#11 /var/www/cursos/cursos_de_yii/cursoyii/yii/framework/web/CController.php(286): CController->runAction(Object(CInlineAction))
#12 /var/www/cursos/cursos_de_yii/cursoyii/yii/framework/web/CController.php(265): CController->runActionWithFilters(Object(CInlineAction), Array)
#13 /var/www/cursos/cursos_de_yii/cursoyii/yii/framework/web/CWebApplication.php(282): CController->run('contact')
#14 /var/www/cursos/cursos_de_yii/cursoyii/yii/framework/web/CWebApplication.php(141): CWebApplication->runController('site/contact')
#15 /var/www/cursos/cursos_de_yii/cursoyii/yii/framework/base/CApplication.php(185): CWebApplication->processRequest()
#16 /var/www/cursos/cursos_de_yii/cursoyii/web/index.php(13): CApplication->run()
#17 {main}
REQUEST_URI=/cursos/cursos_de_yii/cursoyii/web/index.php?r=site/contact
HTTP_REFERER=http://local.dev/cursos/cursos_de_yii/cursoyii/web/index.php?r=site/page&view=about
---
2017/02/11 17:05:49 [error] [exception.CException] exception 'CException' with message 'CAssetManager.basePath "/var/www/cursos/cursos_de_yii/cursoyii/web/assets" is invalid. Please make sure the directory exists and is writable by the Web server process.' in /var/www/cursos/cursos_de_yii/cursoyii/yii/framework/web/CAssetManager.php:138
Stack trace:
#0 /var/www/cursos/cursos_de_yii/cursoyii/yii/framework/web/CAssetManager.php(123): CAssetManager->setBasePath('/var/www/cursos...')
#1 /var/www/cursos/cursos_de_yii/cursoyii/yii/framework/web/CAssetManager.php(217): CAssetManager->getBasePath()
#2 /var/www/cursos/cursos_de_yii/cursoyii/yii/framework/web/CClientScript.php(511): CAssetManager->publish('/var/www/cursos...')
#3 /var/www/cursos/cursos_de_yii/cursoyii/yii/framework/web/CClientScript.php(548): CClientScript->getCoreScriptUrl()
#4 /var/www/cursos/cursos_de_yii/cursoyii/yii/framework/web/CClientScript.php(349): CClientScript->getPackageBaseUrl('jquery')
#5 /var/www/cursos/cursos_de_yii/cursoyii/yii/framework/web/CClientScript.php(208): CClientScript->renderCoreScripts()
#6 /var/www/cursos/cursos_de_yii/cursoyii/yii/framework/web/CController.php(351): CClientScript->render('<!DOCTYPE html>...')
#7 /var/www/cursos/cursos_de_yii/cursoyii/yii/framework/web/CController.php(788): CController->processOutput('<!DOCTYPE html>...')
#8 /var/www/cursos/cursos_de_yii/cursoyii/web/protected/controllers/SiteController.php(72): CController->render('contact', Array)
#9 /var/www/cursos/cursos_de_yii/cursoyii/yii/framework/web/actions/CInlineAction.php(49): SiteController->actionContact()
#10 /var/www/cursos/cursos_de_yii/cursoyii/yii/framework/web/CController.php(308): CInlineAction->runWithParams(Array)
#11 /var/www/cursos/cursos_de_yii/cursoyii/yii/framework/web/CController.php(286): CController->runAction(Object(CInlineAction))
#12 /var/www/cursos/cursos_de_yii/cursoyii/yii/framework/web/CController.php(265): CController->runActionWithFilters(Object(CInlineAction), Array)
#13 /var/www/cursos/cursos_de_yii/cursoyii/yii/framework/web/CWebApplication.php(282): CController->run('contact')
#14 /var/www/cursos/cursos_de_yii/cursoyii/yii/framework/web/CWebApplication.php(141): CWebApplication->runController('site/contact')
#15 /var/www/cursos/cursos_de_yii/cursoyii/yii/framework/base/CApplication.php(185): CWebApplication->processRequest()
#16 /var/www/cursos/cursos_de_yii/cursoyii/web/index.php(13): CApplication->run()
#17 {main}
REQUEST_URI=/cursos/cursos_de_yii/cursoyii/web/index.php?r=site/contact
HTTP_REFERER=http://local.dev/cursos/cursos_de_yii/cursoyii/web/index.php?r=site/page&view=about
---
2017/02/11 17:40:39 [error] [exception.CHttpException.404] exception 'CHttpException' with message 'No es posible resolver la solicitud "tu_modulo/admin"' in /var/www/cursos/cursos_de_yii/cursoyii/yii/framework/web/CWebApplication.php:286
Stack trace:
#0 /var/www/cursos/cursos_de_yii/cursoyii/yii/framework/web/CWebApplication.php(141): CWebApplication->runController('')
#1 /var/www/cursos/cursos_de_yii/cursoyii/yii/framework/base/CApplication.php(185): CWebApplication->processRequest()
#2 /var/www/cursos/cursos_de_yii/cursoyii/web/index.php(13): CApplication->run()
#3 {main}
REQUEST_URI=/cursos/cursos_de_yii/cursoyii/web/index.php
---
2017/02/11 17:42:01 [error] [exception.CHttpException.404] exception 'CHttpException' with message 'No es posible resolver la solicitud "tu_modulo/admin"' in /var/www/cursos/cursos_de_yii/cursoyii/yii/framework/web/CWebApplication.php:286
Stack trace:
#0 /var/www/cursos/cursos_de_yii/cursoyii/yii/framework/web/CWebApplication.php(141): CWebApplication->runController('')
#1 /var/www/cursos/cursos_de_yii/cursoyii/yii/framework/base/CApplication.php(185): CWebApplication->processRequest()
#2 /var/www/cursos/cursos_de_yii/cursoyii/web/index.php(13): CApplication->run()
#3 {main}
REQUEST_URI=/cursos/cursos_de_yii/cursoyii/web/index.php
---
2017/02/11 17:42:02 [error] [exception.CHttpException.404] exception 'CHttpException' with message 'No es posible resolver la solicitud "tu_modulo/admin"' in /var/www/cursos/cursos_de_yii/cursoyii/yii/framework/web/CWebApplication.php:286
Stack trace:
#0 /var/www/cursos/cursos_de_yii/cursoyii/yii/framework/web/CWebApplication.php(141): CWebApplication->runController('')
#1 /var/www/cursos/cursos_de_yii/cursoyii/yii/framework/base/CApplication.php(185): CWebApplication->processRequest()
#2 /var/www/cursos/cursos_de_yii/cursoyii/web/index.php(13): CApplication->run()
#3 {main}
REQUEST_URI=/cursos/cursos_de_yii/cursoyii/web/index.php
---
2017/02/11 17:42:12 [error] [exception.CHttpException.404] exception 'CHttpException' with message 'No es posible resolver la solicitud "tu_modulo/admin"' in /var/www/cursos/cursos_de_yii/cursoyii/yii/framework/web/CWebApplication.php:286
Stack trace:
#0 /var/www/cursos/cursos_de_yii/cursoyii/yii/framework/web/CWebApplication.php(141): CWebApplication->runController('')
#1 /var/www/cursos/cursos_de_yii/cursoyii/yii/framework/base/CApplication.php(185): CWebApplication->processRequest()
#2 /var/www/cursos/cursos_de_yii/cursoyii/web/index.php(13): CApplication->run()
#3 {main}
REQUEST_URI=/cursos/cursos_de_yii/cursoyii/web/index.php
HTTP_REFERER=http://local.dev/cursos/cursos_de_yii/cursoyii/
---
2017/02/11 17:42:59 [error] [exception.CHttpException.404] exception 'CHttpException' with message 'No es posible resolver la solicitud "index"' in /var/www/cursos/cursos_de_yii/cursoyii/yii/framework/web/CWebApplication.php:286
Stack trace:
#0 /var/www/cursos/cursos_de_yii/cursoyii/yii/framework/web/CWebApplication.php(141): CWebApplication->runController('')
#1 /var/www/cursos/cursos_de_yii/cursoyii/yii/framework/base/CApplication.php(185): CWebApplication->processRequest()
#2 /var/www/cursos/cursos_de_yii/cursoyii/web/index.php(13): CApplication->run()
#3 {main}
REQUEST_URI=/cursos/cursos_de_yii/cursoyii/web/index.php
HTTP_REFERER=http://local.dev/cursos/cursos_de_yii/cursoyii/
---
2017/02/11 17:53:38 [error] [exception.CDbException] exception 'CDbException' with message 'CDbConnection failed to open the DB connection: SQLSTATE[HY000] [2003] Can't connect to MySQL server on '217.0.0.1' (113)' in /var/www/cursos/cursos_de_yii/cursoyii/yii/framework/db/CDbConnection.php:399
Stack trace:
#0 /var/www/cursos/cursos_de_yii/cursoyii/yii/framework/db/CDbConnection.php(347): CDbConnection->open()
#1 /var/www/cursos/cursos_de_yii/cursoyii/yii/framework/db/CDbConnection.php(325): CDbConnection->setActive(true)
#2 /var/www/cursos/cursos_de_yii/cursoyii/yii/framework/base/CModule.php(394): CDbConnection->init()
#3 /var/www/cursos/cursos_de_yii/cursoyii/yii/framework/base/CModule.php(103): CModule->getComponent('db')
#4 /var/www/cursos/cursos_de_yii/cursoyii/yii/framework/gii/generators/model/ModelCode.php(60): CModule->__get('db')
#5 /var/www/cursos/cursos_de_yii/cursoyii/yii/framework/web/CFormModel.php(39): ModelCode->init()
#6 /var/www/cursos/cursos_de_yii/cursoyii/yii/framework/gii/CCodeGenerator.php(153): CFormModel->__construct()
#7 /var/www/cursos/cursos_de_yii/cursoyii/yii/framework/gii/CCodeGenerator.php(63): CCodeGenerator->prepare()
#8 /var/www/cursos/cursos_de_yii/cursoyii/yii/framework/web/actions/CInlineAction.php(49): CCodeGenerator->actionIndex()
#9 /var/www/cursos/cursos_de_yii/cursoyii/yii/framework/web/CController.php(308): CInlineAction->runWithParams(Array)
#10 /var/www/cursos/cursos_de_yii/cursoyii/yii/framework/web/CController.php(286): CController->runAction(Object(CInlineAction))
#11 /var/www/cursos/cursos_de_yii/cursoyii/yii/framework/web/CController.php(265): CController->runActionWithFilters(Object(CInlineAction), Array)
#12 /var/www/cursos/cursos_de_yii/cursoyii/yii/framework/web/CWebApplication.php(282): CController->run('index')
#13 /var/www/cursos/cursos_de_yii/cursoyii/yii/framework/web/CWebApplication.php(141): CWebApplication->runController('gii/model/index')
#14 /var/www/cursos/cursos_de_yii/cursoyii/yii/framework/base/CApplication.php(185): CWebApplication->processRequest()
#15 /var/www/cursos/cursos_de_yii/cursoyii/web/index.php(13): CApplication->run()
#16 {main}
REQUEST_URI=/cursos/cursos_de_yii/cursoyii/web/index.php?r=gii/model/index
HTTP_REFERER=http://local.dev/cursos/cursos_de_yii/cursoyii/web/index.php?r=gii/default/index
---
2017/02/11 17:54:03 [error] [exception.CDbException] exception 'CDbException' with message 'CDbConnection failed to open the DB connection: SQLSTATE[28000] [1045] Access denied for user 'postgres'@'localhost' (using password: YES)' in /var/www/cursos/cursos_de_yii/cursoyii/yii/framework/db/CDbConnection.php:399
Stack trace:
#0 /var/www/cursos/cursos_de_yii/cursoyii/yii/framework/db/CDbConnection.php(347): CDbConnection->open()
#1 /var/www/cursos/cursos_de_yii/cursoyii/yii/framework/db/CDbConnection.php(325): CDbConnection->setActive(true)
#2 /var/www/cursos/cursos_de_yii/cursoyii/yii/framework/base/CModule.php(394): CDbConnection->init()
#3 /var/www/cursos/cursos_de_yii/cursoyii/yii/framework/base/CModule.php(103): CModule->getComponent('db')
#4 /var/www/cursos/cursos_de_yii/cursoyii/yii/framework/gii/generators/model/ModelCode.php(60): CModule->__get('db')
#5 /var/www/cursos/cursos_de_yii/cursoyii/yii/framework/web/CFormModel.php(39): ModelCode->init()
#6 /var/www/cursos/cursos_de_yii/cursoyii/yii/framework/gii/CCodeGenerator.php(153): CFormModel->__construct()
#7 /var/www/cursos/cursos_de_yii/cursoyii/yii/framework/gii/CCodeGenerator.php(63): CCodeGenerator->prepare()
#8 /var/www/cursos/cursos_de_yii/cursoyii/yii/framework/web/actions/CInlineAction.php(49): CCodeGenerator->actionIndex()
#9 /var/www/cursos/cursos_de_yii/cursoyii/yii/framework/web/CController.php(308): CInlineAction->runWithParams(Array)
#10 /var/www/cursos/cursos_de_yii/cursoyii/yii/framework/web/CController.php(286): CController->runAction(Object(CInlineAction))
#11 /var/www/cursos/cursos_de_yii/cursoyii/yii/framework/web/CController.php(265): CController->runActionWithFilters(Object(CInlineAction), Array)
#12 /var/www/cursos/cursos_de_yii/cursoyii/yii/framework/web/CWebApplication.php(282): CController->run('index')
#13 /var/www/cursos/cursos_de_yii/cursoyii/yii/framework/web/CWebApplication.php(141): CWebApplication->runController('gii/model/index')
#14 /var/www/cursos/cursos_de_yii/cursoyii/yii/framework/base/CApplication.php(185): CWebApplication->processRequest()
#15 /var/www/cursos/cursos_de_yii/cursoyii/web/index.php(13): CApplication->run()
#16 {main}
REQUEST_URI=/cursos/cursos_de_yii/cursoyii/web/index.php?r=gii/model/index
HTTP_REFERER=http://local.dev/cursos/cursos_de_yii/cursoyii/web/index.php?r=gii/default/index
---
2017/02/11 17:54:19 [error] [exception.CDbException] exception 'CDbException' with message 'CDbConnection failed to open the DB connection: SQLSTATE[28000] [1045] Access denied for user 'postgres'@'localhost' (using password: YES)' in /var/www/cursos/cursos_de_yii/cursoyii/yii/framework/db/CDbConnection.php:399
Stack trace:
#0 /var/www/cursos/cursos_de_yii/cursoyii/yii/framework/db/CDbConnection.php(347): CDbConnection->open()
#1 /var/www/cursos/cursos_de_yii/cursoyii/yii/framework/db/CDbConnection.php(325): CDbConnection->setActive(true)
#2 /var/www/cursos/cursos_de_yii/cursoyii/yii/framework/base/CModule.php(394): CDbConnection->init()
#3 /var/www/cursos/cursos_de_yii/cursoyii/yii/framework/base/CModule.php(103): CModule->getComponent('db')
#4 /var/www/cursos/cursos_de_yii/cursoyii/yii/framework/gii/generators/model/ModelCode.php(60): CModule->__get('db')
#5 /var/www/cursos/cursos_de_yii/cursoyii/yii/framework/web/CFormModel.php(39): ModelCode->init()
#6 /var/www/cursos/cursos_de_yii/cursoyii/yii/framework/gii/CCodeGenerator.php(153): CFormModel->__construct()
#7 /var/www/cursos/cursos_de_yii/cursoyii/yii/framework/gii/CCodeGenerator.php(63): CCodeGenerator->prepare()
#8 /var/www/cursos/cursos_de_yii/cursoyii/yii/framework/web/actions/CInlineAction.php(49): CCodeGenerator->actionIndex()
#9 /var/www/cursos/cursos_de_yii/cursoyii/yii/framework/web/CController.php(308): CInlineAction->runWithParams(Array)
#10 /var/www/cursos/cursos_de_yii/cursoyii/yii/framework/web/CController.php(286): CController->runAction(Object(CInlineAction))
#11 /var/www/cursos/cursos_de_yii/cursoyii/yii/framework/web/CController.php(265): CController->runActionWithFilters(Object(CInlineAction), Array)
#12 /var/www/cursos/cursos_de_yii/cursoyii/yii/framework/web/CWebApplication.php(282): CController->run('index')
#13 /var/www/cursos/cursos_de_yii/cursoyii/yii/framework/web/CWebApplication.php(141): CWebApplication->runController('gii/model/index')
#14 /var/www/cursos/cursos_de_yii/cursoyii/yii/framework/base/CApplication.php(185): CWebApplication->processRequest()
#15 /var/www/cursos/cursos_de_yii/cursoyii/web/index.php(13): CApplication->run()
#16 {main}
REQUEST_URI=/cursos/cursos_de_yii/cursoyii/web/index.php?r=gii/model/index
HTTP_REFERER=http://local.dev/cursos/cursos_de_yii/cursoyii/web/index.php?r=gii/default/index
---
2017/02/11 17:55:05 [error] [exception.CDbException] exception 'CDbException' with message 'CDbConnection failed to open the DB connection: SQLSTATE[28000] [1045] Access denied for user 'postgres'@'localhost' (using password: YES)' in /var/www/cursos/cursos_de_yii/cursoyii/yii/framework/db/CDbConnection.php:399
Stack trace:
#0 /var/www/cursos/cursos_de_yii/cursoyii/yii/framework/db/CDbConnection.php(347): CDbConnection->open()
#1 /var/www/cursos/cursos_de_yii/cursoyii/yii/framework/db/CDbConnection.php(325): CDbConnection->setActive(true)
#2 /var/www/cursos/cursos_de_yii/cursoyii/yii/framework/base/CModule.php(394): CDbConnection->init()
#3 /var/www/cursos/cursos_de_yii/cursoyii/yii/framework/base/CModule.php(103): CModule->getComponent('db')
#4 /var/www/cursos/cursos_de_yii/cursoyii/yii/framework/gii/generators/crud/CrudCode.php(44): CModule->__get('db')
#5 /var/www/cursos/cursos_de_yii/cursoyii/yii/framework/web/CFormModel.php(39): CrudCode->init()
#6 /var/www/cursos/cursos_de_yii/cursoyii/yii/framework/gii/CCodeGenerator.php(153): CFormModel->__construct()
#7 /var/www/cursos/cursos_de_yii/cursoyii/yii/framework/gii/CCodeGenerator.php(63): CCodeGenerator->prepare()
#8 /var/www/cursos/cursos_de_yii/cursoyii/yii/framework/web/actions/CInlineAction.php(49): CCodeGenerator->actionIndex()
#9 /var/www/cursos/cursos_de_yii/cursoyii/yii/framework/web/CController.php(308): CInlineAction->runWithParams(Array)
#10 /var/www/cursos/cursos_de_yii/cursoyii/yii/framework/web/CController.php(286): CController->runAction(Object(CInlineAction))
#11 /var/www/cursos/cursos_de_yii/cursoyii/yii/framework/web/CController.php(265): CController->runActionWithFilters(Object(CInlineAction), Array)
#12 /var/www/cursos/cursos_de_yii/cursoyii/yii/framework/web/CWebApplication.php(282): CController->run('index')
#13 /var/www/cursos/cursos_de_yii/cursoyii/yii/framework/web/CWebApplication.php(141): CWebApplication->runController('gii/crud/index')
#14 /var/www/cursos/cursos_de_yii/cursoyii/yii/framework/base/CApplication.php(185): CWebApplication->processRequest()
#15 /var/www/cursos/cursos_de_yii/cursoyii/web/index.php(13): CApplication->run()
#16 {main}
REQUEST_URI=/cursos/cursos_de_yii/cursoyii/web/index.php?r=gii/crud/index
HTTP_REFERER=http://local.dev/cursos/cursos_de_yii/cursoyii/web/index.php?r=gii/module/index
---
2017/02/11 17:57:13 [error] [exception.CDbException] exception 'CDbException' with message 'CDbConnection failed to open the DB connection: SQLSTATE[28000] [1045] Access denied for user 'postgres'@'localhost' (using password: YES)' in /var/www/cursos/cursos_de_yii/cursoyii/yii/framework/db/CDbConnection.php:399
Stack trace:
#0 /var/www/cursos/cursos_de_yii/cursoyii/yii/framework/db/CDbConnection.php(347): CDbConnection->open()
#1 /var/www/cursos/cursos_de_yii/cursoyii/yii/framework/db/CDbConnection.php(325): CDbConnection->setActive(true)
#2 /var/www/cursos/cursos_de_yii/cursoyii/yii/framework/base/CModule.php(394): CDbConnection->init()
#3 /var/www/cursos/cursos_de_yii/cursoyii/yii/framework/base/CModule.php(103): CModule->getComponent('db')
#4 /var/www/cursos/cursos_de_yii/cursoyii/yii/framework/gii/generators/crud/CrudCode.php(44): CModule->__get('db')
#5 /var/www/cursos/cursos_de_yii/cursoyii/yii/framework/web/CFormModel.php(39): CrudCode->init()
#6 /var/www/cursos/cursos_de_yii/cursoyii/yii/framework/gii/CCodeGenerator.php(153): CFormModel->__construct()
#7 /var/www/cursos/cursos_de_yii/cursoyii/yii/framework/gii/CCodeGenerator.php(63): CCodeGenerator->prepare()
#8 /var/www/cursos/cursos_de_yii/cursoyii/yii/framework/web/actions/CInlineAction.php(49): CCodeGenerator->actionIndex()
#9 /var/www/cursos/cursos_de_yii/cursoyii/yii/framework/web/CController.php(308): CInlineAction->runWithParams(Array)
#10 /var/www/cursos/cursos_de_yii/cursoyii/yii/framework/web/CController.php(286): CController->runAction(Object(CInlineAction))
#11 /var/www/cursos/cursos_de_yii/cursoyii/yii/framework/web/CController.php(265): CController->runActionWithFilters(Object(CInlineAction), Array)
#12 /var/www/cursos/cursos_de_yii/cursoyii/yii/framework/web/CWebApplication.php(282): CController->run('index')
#13 /var/www/cursos/cursos_de_yii/cursoyii/yii/framework/web/CWebApplication.php(141): CWebApplication->runController('gii/crud/index')
#14 /var/www/cursos/cursos_de_yii/cursoyii/yii/framework/base/CApplication.php(185): CWebApplication->processRequest()
#15 /var/www/cursos/cursos_de_yii/cursoyii/web/index.php(13): CApplication->run()
#16 {main}
REQUEST_URI=/cursos/cursos_de_yii/cursoyii/web/index.php?r=gii/crud/index
HTTP_REFERER=http://local.dev/cursos/cursos_de_yii/cursoyii/web/index.php?r=gii/default/index
---
2017/02/11 17:57:16 [error] [exception.CDbException] exception 'CDbException' with message 'CDbConnection failed to open the DB connection: SQLSTATE[28000] [1045] Access denied for user 'postgres'@'localhost' (using password: YES)' in /var/www/cursos/cursos_de_yii/cursoyii/yii/framework/db/CDbConnection.php:399
Stack trace:
#0 /var/www/cursos/cursos_de_yii/cursoyii/yii/framework/db/CDbConnection.php(347): CDbConnection->open()
#1 /var/www/cursos/cursos_de_yii/cursoyii/yii/framework/db/CDbConnection.php(325): CDbConnection->setActive(true)
#2 /var/www/cursos/cursos_de_yii/cursoyii/yii/framework/base/CModule.php(394): CDbConnection->init()
#3 /var/www/cursos/cursos_de_yii/cursoyii/yii/framework/base/CModule.php(103): CModule->getComponent('db')
#4 /var/www/cursos/cursos_de_yii/cursoyii/yii/framework/gii/generators/model/ModelCode.php(60): CModule->__get('db')
#5 /var/www/cursos/cursos_de_yii/cursoyii/yii/framework/web/CFormModel.php(39): ModelCode->init()
#6 /var/www/cursos/cursos_de_yii/cursoyii/yii/framework/gii/CCodeGenerator.php(153): CFormModel->__construct()
#7 /var/www/cursos/cursos_de_yii/cursoyii/yii/framework/gii/CCodeGenerator.php(63): CCodeGenerator->prepare()
#8 /var/www/cursos/cursos_de_yii/cursoyii/yii/framework/web/actions/CInlineAction.php(49): CCodeGenerator->actionIndex()
#9 /var/www/cursos/cursos_de_yii/cursoyii/yii/framework/web/CController.php(308): CInlineAction->runWithParams(Array)
#10 /var/www/cursos/cursos_de_yii/cursoyii/yii/framework/web/CController.php(286): CController->runAction(Object(CInlineAction))
#11 /var/www/cursos/cursos_de_yii/cursoyii/yii/framework/web/CController.php(265): CController->runActionWithFilters(Object(CInlineAction), Array)
#12 /var/www/cursos/cursos_de_yii/cursoyii/yii/framework/web/CWebApplication.php(282): CController->run('index')
#13 /var/www/cursos/cursos_de_yii/cursoyii/yii/framework/web/CWebApplication.php(141): CWebApplication->runController('gii/model/index')
#14 /var/www/cursos/cursos_de_yii/cursoyii/yii/framework/base/CApplication.php(185): CWebApplication->processRequest()
#15 /var/www/cursos/cursos_de_yii/cursoyii/web/index.php(13): CApplication->run()
#16 {main}
REQUEST_URI=/cursos/cursos_de_yii/cursoyii/web/index.php?r=gii/model/index
HTTP_REFERER=http://local.dev/cursos/cursos_de_yii/cursoyii/web/index.php?r=gii/default/index
---
2017/02/11 17:59:48 [error] [exception.CDbException] exception 'CDbException' with message 'CDbConnection failed to open the DB connection: SQLSTATE[28000] [1045] Access denied for user 'postgres'@'localhost' (using password: YES)' in /var/www/cursos/cursos_de_yii/cursoyii/yii/framework/db/CDbConnection.php:399
Stack trace:
#0 /var/www/cursos/cursos_de_yii/cursoyii/yii/framework/db/CDbConnection.php(347): CDbConnection->open()
#1 /var/www/cursos/cursos_de_yii/cursoyii/yii/framework/db/CDbConnection.php(325): CDbConnection->setActive(true)
#2 /var/www/cursos/cursos_de_yii/cursoyii/yii/framework/base/CModule.php(394): CDbConnection->init()
#3 /var/www/cursos/cursos_de_yii/cursoyii/yii/framework/base/CModule.php(103): CModule->getComponent('db')
#4 /var/www/cursos/cursos_de_yii/cursoyii/yii/framework/gii/generators/model/ModelCode.php(60): CModule->__get('db')
#5 /var/www/cursos/cursos_de_yii/cursoyii/yii/framework/web/CFormModel.php(39): ModelCode->init()
#6 /var/www/cursos/cursos_de_yii/cursoyii/yii/framework/gii/CCodeGenerator.php(153): CFormModel->__construct()
#7 /var/www/cursos/cursos_de_yii/cursoyii/yii/framework/gii/CCodeGenerator.php(63): CCodeGenerator->prepare()
#8 /var/www/cursos/cursos_de_yii/cursoyii/yii/framework/web/actions/CInlineAction.php(49): CCodeGenerator->actionIndex()
#9 /var/www/cursos/cursos_de_yii/cursoyii/yii/framework/web/CController.php(308): CInlineAction->runWithParams(Array)
#10 /var/www/cursos/cursos_de_yii/cursoyii/yii/framework/web/CController.php(286): CController->runAction(Object(CInlineAction))
#11 /var/www/cursos/cursos_de_yii/cursoyii/yii/framework/web/CController.php(265): CController->runActionWithFilters(Object(CInlineAction), Array)
#12 /var/www/cursos/cursos_de_yii/cursoyii/yii/framework/web/CWebApplication.php(282): CController->run('index')
#13 /var/www/cursos/cursos_de_yii/cursoyii/yii/framework/web/CWebApplication.php(141): CWebApplication->runController('gii/model/index')
#14 /var/www/cursos/cursos_de_yii/cursoyii/yii/framework/base/CApplication.php(185): CWebApplication->processRequest()
#15 /var/www/cursos/cursos_de_yii/cursoyii/web/index.php(13): CApplication->run()
#16 {main}
REQUEST_URI=/cursos/cursos_de_yii/cursoyii/web/index.php?r=gii/model/index
HTTP_REFERER=http://local.dev/cursos/cursos_de_yii/cursoyii/web/index.php?r=gii/module/index
---
2017/02/11 17:59:51 [error] [exception.CDbException] exception 'CDbException' with message 'CDbConnection failed to open the DB connection: SQLSTATE[28000] [1045] Access denied for user 'postgres'@'localhost' (using password: YES)' in /var/www/cursos/cursos_de_yii/cursoyii/yii/framework/db/CDbConnection.php:399
Stack trace:
#0 /var/www/cursos/cursos_de_yii/cursoyii/yii/framework/db/CDbConnection.php(347): CDbConnection->open()
#1 /var/www/cursos/cursos_de_yii/cursoyii/yii/framework/db/CDbConnection.php(325): CDbConnection->setActive(true)
#2 /var/www/cursos/cursos_de_yii/cursoyii/yii/framework/base/CModule.php(394): CDbConnection->init()
#3 /var/www/cursos/cursos_de_yii/cursoyii/yii/framework/base/CModule.php(103): CModule->getComponent('db')
#4 /var/www/cursos/cursos_de_yii/cursoyii/yii/framework/gii/generators/model/ModelCode.php(60): CModule->__get('db')
#5 /var/www/cursos/cursos_de_yii/cursoyii/yii/framework/web/CFormModel.php(39): ModelCode->init()
#6 /var/www/cursos/cursos_de_yii/cursoyii/yii/framework/gii/CCodeGenerator.php(153): CFormModel->__construct()
#7 /var/www/cursos/cursos_de_yii/cursoyii/yii/framework/gii/CCodeGenerator.php(63): CCodeGenerator->prepare()
#8 /var/www/cursos/cursos_de_yii/cursoyii/yii/framework/web/actions/CInlineAction.php(49): CCodeGenerator->actionIndex()
#9 /var/www/cursos/cursos_de_yii/cursoyii/yii/framework/web/CController.php(308): CInlineAction->runWithParams(Array)
#10 /var/www/cursos/cursos_de_yii/cursoyii/yii/framework/web/CController.php(286): CController->runAction(Object(CInlineAction))
#11 /var/www/cursos/cursos_de_yii/cursoyii/yii/framework/web/CController.php(265): CController->runActionWithFilters(Object(CInlineAction), Array)
#12 /var/www/cursos/cursos_de_yii/cursoyii/yii/framework/web/CWebApplication.php(282): CController->run('index')
#13 /var/www/cursos/cursos_de_yii/cursoyii/yii/framework/web/CWebApplication.php(141): CWebApplication->runController('gii/model/index')
#14 /var/www/cursos/cursos_de_yii/cursoyii/yii/framework/base/CApplication.php(185): CWebApplication->processRequest()
#15 /var/www/cursos/cursos_de_yii/cursoyii/web/index.php(13): CApplication->run()
#16 {main}
REQUEST_URI=/cursos/cursos_de_yii/cursoyii/web/index.php?r=gii/model/index
---
2017/02/11 18:02:03 [error] [exception.CDbException] exception 'CDbException' with message 'CDbConnection failed to open the DB connection: SQLSTATE[28000] [1045] Access denied for user 'postgres'@'localhost' (using password: YES)' in /var/www/cursos/cursos_de_yii/cursoyii/yii/framework/db/CDbConnection.php:399
Stack trace:
#0 /var/www/cursos/cursos_de_yii/cursoyii/yii/framework/db/CDbConnection.php(347): CDbConnection->open()
#1 /var/www/cursos/cursos_de_yii/cursoyii/yii/framework/db/CDbConnection.php(325): CDbConnection->setActive(true)
#2 /var/www/cursos/cursos_de_yii/cursoyii/yii/framework/base/CModule.php(394): CDbConnection->init()
#3 /var/www/cursos/cursos_de_yii/cursoyii/yii/framework/base/CModule.php(103): CModule->getComponent('db')
#4 /var/www/cursos/cursos_de_yii/cursoyii/yii/framework/gii/generators/model/ModelCode.php(60): CModule->__get('db')
#5 /var/www/cursos/cursos_de_yii/cursoyii/yii/framework/web/CFormModel.php(39): ModelCode->init()
#6 /var/www/cursos/cursos_de_yii/cursoyii/yii/framework/gii/CCodeGenerator.php(153): CFormModel->__construct()
#7 /var/www/cursos/cursos_de_yii/cursoyii/yii/framework/gii/CCodeGenerator.php(63): CCodeGenerator->prepare()
#8 /var/www/cursos/cursos_de_yii/cursoyii/yii/framework/web/actions/CInlineAction.php(49): CCodeGenerator->actionIndex()
#9 /var/www/cursos/cursos_de_yii/cursoyii/yii/framework/web/CController.php(308): CInlineAction->runWithParams(Array)
#10 /var/www/cursos/cursos_de_yii/cursoyii/yii/framework/web/CController.php(286): CController->runAction(Object(CInlineAction))
#11 /var/www/cursos/cursos_de_yii/cursoyii/yii/framework/web/CController.php(265): CController->runActionWithFilters(Object(CInlineAction), Array)
#12 /var/www/cursos/cursos_de_yii/cursoyii/yii/framework/web/CWebApplication.php(282): CController->run('index')
#13 /var/www/cursos/cursos_de_yii/cursoyii/yii/framework/web/CWebApplication.php(141): CWebApplication->runController('gii/model/index')
#14 /var/www/cursos/cursos_de_yii/cursoyii/yii/framework/base/CApplication.php(185): CWebApplication->processRequest()
#15 /var/www/cursos/cursos_de_yii/cursoyii/web/index.php(13): CApplication->run()
#16 {main}
REQUEST_URI=/cursos/cursos_de_yii/cursoyii/web/index.php?r=gii/model/index
HTTP_REFERER=http://local.dev/cursos/cursos_de_yii/cursoyii/web/index.php?r=gii/controller/index
---
